/usr/sbin/mysqld, Version: 8.0.22 (MySQL Community Server - GPL). started with:
Tcp port: 0  Unix socket: /var/run/mysqld/mysqld.sock
Time                 Id Command    Argument
/usr/sbin/mysqld, Version: 8.0.22 (MySQL Community Server - GPL). started with:
Tcp port: 0  Unix socket: /var/run/mysqld/mysqld.sock
Time                 Id Command    Argument
/usr/sbin/mysqld, Version: 8.0.22 (MySQL Community Server - GPL). started with:
Tcp port: 3306  Unix socket: /var/run/mysqld/mysqld.sock
Time                 Id Command    Argument
# Time: 2020-12-04T16:17:23.582263Z
# User@Host: root[root] @  [172.18.0.3]  Id:    11
# Query_time: 0.001922  Lock_time: 0.000234 Rows_sent: 0  Rows_examined: 0
use server_db;
SET timestamp=1607098643;
SELECT * FROM accounts;
# Time: 2020-12-04T16:17:30.675591Z
# User@Host: root[root] @  [172.18.0.3]  Id:    11
# Query_time: 0.000733  Lock_time: 0.000149 Rows_sent: 0  Rows_examined: 0
SET timestamp=1607098650;
SELECT * FROM accounts;
/usr/sbin/mysqld, Version: 8.0.22 (MySQL Community Server - GPL). started with:
Tcp port: 3306  Unix socket: /var/run/mysqld/mysqld.sock
Time                 Id Command    Argument
/usr/sbin/mysqld, Version: 8.0.22 (MySQL Community Server - GPL). started with:
Tcp port: 3306  Unix socket: /var/run/mysqld/mysqld.sock
Time                 Id Command    Argument
/usr/sbin/mysqld, Version: 8.0.22 (MySQL Community Server - GPL). started with:
Tcp port: 0  Unix socket: /var/run/mysqld/mysqld.sock
Time                 Id Command    Argument
/usr/sbin/mysqld, Version: 8.0.22 (MySQL Community Server - GPL). started with:
Tcp port: 0  Unix socket: /var/run/mysqld/mysqld.sock
Time                 Id Command    Argument
/usr/sbin/mysqld, Version: 8.0.22 (MySQL Community Server - GPL). started with:
Tcp port: 3306  Unix socket: /var/run/mysqld/mysqld.sock
Time                 Id Command    Argument
# Time: 2020-12-04T16:59:46.017093Z
# User@Host: root[root] @  [172.19.0.3]  Id:     9
# Query_time: 0.000855  Lock_time: 0.000480 Rows_sent: 2  Rows_examined: 2
use server_db;
SET timestamp=1607101186;
Select * from accounts;
/usr/sbin/mysqld, Version: 8.0.22 (MySQL Community Server - GPL). started with:
Tcp port: 3306  Unix socket: /var/run/mysqld/mysqld.sock
Time                 Id Command    Argument
/usr/sbin/mysqld, Version: 8.0.22 (MySQL Community Server - GPL). started with:
Tcp port: 3306  Unix socket: /var/run/mysqld/mysqld.sock
Time                 Id Command    Argument
/usr/sbin/mysqld, Version: 8.0.22 (MySQL Community Server - GPL). started with:
Tcp port: 0  Unix socket: /var/run/mysqld/mysqld.sock
Time                 Id Command    Argument
/usr/sbin/mysqld, Version: 8.0.22 (MySQL Community Server - GPL). started with:
Tcp port: 0  Unix socket: /var/run/mysqld/mysqld.sock
Time                 Id Command    Argument
/usr/sbin/mysqld, Version: 8.0.22 (MySQL Community Server - GPL). started with:
Tcp port: 3306  Unix socket: /var/run/mysqld/mysqld.sock
Time                 Id Command    Argument
/usr/sbin/mysqld, Version: 8.0.22 (MySQL Community Server - GPL). started with:
Tcp port: 0  Unix socket: /var/run/mysqld/mysqld.sock
Time                 Id Command    Argument
/usr/sbin/mysqld, Version: 8.0.22 (MySQL Community Server - GPL). started with:
Tcp port: 0  Unix socket: /var/run/mysqld/mysqld.sock
Time                 Id Command    Argument
/usr/sbin/mysqld, Version: 8.0.22 (MySQL Community Server - GPL). started with:
Tcp port: 3306  Unix socket: /var/run/mysqld/mysqld.sock
Time                 Id Command    Argument
/usr/sbin/mysqld, Version: 8.0.22 (MySQL Community Server - GPL). started with:
Tcp port: 3306  Unix socket: /var/run/mysqld/mysqld.sock
Time                 Id Command    Argument
/usr/sbin/mysqld, Version: 8.0.22 (MySQL Community Server - GPL). started with:
Tcp port: 0  Unix socket: /var/run/mysqld/mysqld.sock
Time                 Id Command    Argument
/usr/sbin/mysqld, Version: 8.0.22 (MySQL Community Server - GPL). started with:
Tcp port: 0  Unix socket: /var/run/mysqld/mysqld.sock
Time                 Id Command    Argument
/usr/sbin/mysqld, Version: 8.0.22 (MySQL Community Server - GPL). started with:
Tcp port: 3306  Unix socket: /var/run/mysqld/mysqld.sock
Time                 Id Command    Argument
/usr/sbin/mysqld, Version: 8.0.22 (MySQL Community Server - GPL). started with:
Tcp port: 0  Unix socket: /var/run/mysqld/mysqld.sock
Time                 Id Command    Argument
/usr/sbin/mysqld, Version: 8.0.22 (MySQL Community Server - GPL). started with:
Tcp port: 0  Unix socket: /var/run/mysqld/mysqld.sock
Time                 Id Command    Argument
/usr/sbin/mysqld, Version: 8.0.22 (MySQL Community Server - GPL). started with:
Tcp port: 3306  Unix socket: /var/run/mysqld/mysqld.sock
Time                 Id Command    Argument
/usr/sbin/mysqld, Version: 8.0.22 (MySQL Community Server - GPL). started with:
Tcp port: 0  Unix socket: /var/run/mysqld/mysqld.sock
Time                 Id Command    Argument
/usr/sbin/mysqld, Version: 8.0.22 (MySQL Community Server - GPL). started with:
Tcp port: 0  Unix socket: /var/run/mysqld/mysqld.sock
Time                 Id Command    Argument
/usr/sbin/mysqld, Version: 8.0.22 (MySQL Community Server - GPL). started with:
Tcp port: 3306  Unix socket: /var/run/mysqld/mysqld.sock
Time                 Id Command    Argument
/usr/sbin/mysqld, Version: 8.0.22 (MySQL Community Server - GPL). started with:
Tcp port: 3306  Unix socket: /var/run/mysqld/mysqld.sock
Time                 Id Command    Argument
# Time: 2020-12-11T15:42:29.025929Z
# User@Host: server_user[server_user] @  [172.22.0.2]  Id:     8
# Query_time: 0.000920  Lock_time: 0.000126 Rows_sent: 0  Rows_examined: 0
use server_db;
SET timestamp=1607701349;
select * from accounts;
# Time: 2020-12-11T15:43:19.846516Z
# User@Host: server_user[server_user] @  [172.22.0.2]  Id:     8
# Query_time: 0.000397  Lock_time: 0.000187 Rows_sent: 1  Rows_examined: 1
SET timestamp=1607701399;
select * from accounts;
/usr/sbin/mysqld, Version: 8.0.22 (MySQL Community Server - GPL). started with:
Tcp port: 3306  Unix socket: /var/run/mysqld/mysqld.sock
Time                 Id Command    Argument
/usr/sbin/mysqld, Version: 8.0.22 (MySQL Community Server - GPL). started with:
Tcp port: 3306  Unix socket: /var/run/mysqld/mysqld.sock
Time                 Id Command    Argument
/usr/sbin/mysqld, Version: 8.0.22 (MySQL Community Server - GPL). started with:
Tcp port: 3306  Unix socket: /var/run/mysqld/mysqld.sock
Time                 Id Command    Argument
/usr/sbin/mysqld, Version: 8.0.22 (MySQL Community Server - GPL). started with:
Tcp port: 0  Unix socket: /var/run/mysqld/mysqld.sock
Time                 Id Command    Argument
/usr/sbin/mysqld, Version: 8.0.22 (MySQL Community Server - GPL). started with:
Tcp port: 0  Unix socket: /var/run/mysqld/mysqld.sock
Time                 Id Command    Argument
/usr/sbin/mysqld, Version: 8.0.22 (MySQL Community Server - GPL). started with:
Tcp port: 3306  Unix socket: /var/run/mysqld/mysqld.sock
Time                 Id Command    Argument
/usr/sbin/mysqld, Version: 8.0.22 (MySQL Community Server - GPL). started with:
Tcp port: 3306  Unix socket: /var/run/mysqld/mysqld.sock
Time                 Id Command    Argument
/usr/sbin/mysqld, Version: 8.0.22 (MySQL Community Server - GPL). started with:
Tcp port: 3306  Unix socket: /var/run/mysqld/mysqld.sock
Time                 Id Command    Argument
/usr/sbin/mysqld, Version: 8.0.22 (MySQL Community Server - GPL). started with:
Tcp port: 0  Unix socket: /var/run/mysqld/mysqld.sock
Time                 Id Command    Argument
/usr/sbin/mysqld, Version: 8.0.22 (MySQL Community Server - GPL). started with:
Tcp port: 0  Unix socket: /var/run/mysqld/mysqld.sock
Time                 Id Command    Argument
/usr/sbin/mysqld, Version: 8.0.22 (MySQL Community Server - GPL). started with:
Tcp port: 3306  Unix socket: /var/run/mysqld/mysqld.sock
Time                 Id Command    Argument
/usr/sbin/mysqld, Version: 8.0.22 (MySQL Community Server - GPL). started with:
Tcp port: 0  Unix socket: /var/run/mysqld/mysqld.sock
Time                 Id Command    Argument
/usr/sbin/mysqld, Version: 8.0.22 (MySQL Community Server - GPL). started with:
Tcp port: 0  Unix socket: /var/run/mysqld/mysqld.sock
Time                 Id Command    Argument
/usr/sbin/mysqld, Version: 8.0.22 (MySQL Community Server - GPL). started with:
Tcp port: 3306  Unix socket: /var/run/mysqld/mysqld.sock
Time                 Id Command    Argument
/usr/sbin/mysqld, Version: 8.0.22 (MySQL Community Server - GPL). started with:
Tcp port: 0  Unix socket: /var/run/mysqld/mysqld.sock
Time                 Id Command    Argument
/usr/sbin/mysqld, Version: 8.0.22 (MySQL Community Server - GPL). started with:
Tcp port: 0  Unix socket: /var/run/mysqld/mysqld.sock
Time                 Id Command    Argument
/usr/sbin/mysqld, Version: 8.0.22 (MySQL Community Server - GPL). started with:
Tcp port: 3306  Unix socket: /var/run/mysqld/mysqld.sock
Time                 Id Command    Argument
